<?xml version="1.0" encoding="UTF-8"?>
<!-- Generated by org.testng.reporters.JUnitReportReporter -->
<testsuite name="testing.ChromeTest" tests="1" time="5.396" ignored="0" failures="0" timestamp="22 Sep 2018 16:48:12 GMT" skipped="0" hostname="Rohitrajs-MacBook-Air.local" errors="0">
  <testcase name="method1" time="5.396" classname="testing.ChromeTest"/>
</testsuite> <!-- testing.ChromeTest -->
